# JRE version: Java(TM) SE Runtime Environment (21.0.2+13) (build 21.0.2+13-LTS-58)
# Java VM: Java HotSpot(TM) 64-Bit Server VM (21.0.2+13-LTS-58, mixed mode, sharing, tiered, compressed oops, compressed class ptrs, g1 gc, windows-amd64)
GC Precious Log:
 CardTable entry size: 512
 Card Set container configuration: InlinePtr #cards 5 size 8 Array Of Cards #cards 12 size 40 Howl #buckets 4 coarsen threshold 1843 Howl Bitmap #cards 512 size 80 coarsen threshold 460 Card regions per heap region 1 cards per card region 2048
 CPUs: 4 total, 4 available
 Memory: 7991M
 Large Page Support: Disabled
 NUMA Support: Disabled
 Compressed Oops: Enabled (32-bit)
 Heap Region Size: 1M
 Heap Min Capacity: 256M
 Heap Initial Capacity: 256M
 Heap Max Capacity: 512M
 Pre-touch: Disabled
 Parallel Workers: 4
 Concurrent Workers: 1
 Concurrent Refinement Workers: 4
 Periodic GC: Disabled
Heap:
 garbage-first heap   total 299008K, used 230164K [0x00000000e0000000, 0x0000000100000000)
  region size 1024K, 111 young (113664K), 12 survivors (12288K)
 Metaspace       used 155722K, committed 157504K, reserved 524288K
  class space    used 19233K, committed 20096K, reserved 327680K
GC Heap History (20 events):
Event: 3813.012 GC heap before
{Heap before GC invocations=47 (full 0):
 garbage-first heap   total 299008K, used 267716K [0x00000000e0000000, 0x0000000100000000)
  region size 1024K, 156 young (159744K), 15 survivors (15360K)
 Metaspace       used 155619K, committed 157376K, reserved 524288K
  class space    used 19223K, committed 20096K, reserved 327680K
}
Event: 3813.070 GC heap after
{Heap after GC invocations=48 (full 0):
 garbage-first heap   total 299008K, used 121383K [0x00000000e0000000, 0x0000000100000000)
  region size 1024K, 11 young (11264K), 11 survivors (11264K)
 Metaspace       used 155619K, committed 157376K, reserved 524288K
  class space    used 19223K, committed 20096K, reserved 327680K
}
Event: 3814.909 GC heap before
{Heap before GC invocations=48 (full 0):
 garbage-first heap   total 299008K, used 270887K [0x00000000e0000000, 0x0000000100000000)
  region size 1024K, 157 young (160768K), 11 survivors (11264K)
 Metaspace       used 155622K, committed 157376K, reserved 524288K
  class space    used 19223K, committed 20096K, reserved 327680K
}
Event: 3814.923 GC heap after
{Heap after GC invocations=49 (full 0):
 garbage-first heap   total 299008K, used 115747K [0x00000000e0000000, 0x0000000100000000)
  region size 1024K, 7 young (7168K), 7 survivors (7168K)
 Metaspace       used 155622K, committed 157376K, reserved 524288K
  class space    used 19223K, committed 20096K, reserved 327680K
}
Event: 3817.527 GC heap before
{Heap before GC invocations=50 (full 0):
 garbage-first heap   total 299008K, used 272419K [0x00000000e0000000, 0x0000000100000000)
  region size 1024K, 161 young (164864K), 7 survivors (7168K)
 Metaspace       used 155622K, committed 157376K, reserved 524288K
  class space    used 19223K, committed 20096K, reserved 327680K
}
Event: 3817.544 GC heap after
{Heap after GC invocations=51 (full 0):
 garbage-first heap   total 299008K, used 118388K [0x00000000e0000000, 0x0000000100000000)
  region size 1024K, 9 young (9216K), 9 survivors (9216K)
 Metaspace       used 155622K, committed 157376K, reserved 524288K
  class space    used 19223K, committed 20096K, reserved 327680K
}
Event: 3818.193 GC heap before
{Heap before GC invocations=51 (full 0):
 garbage-first heap   total 299008K, used 273012K [0x00000000e0000000, 0x0000000100000000)
  region size 1024K, 160 young (163840K), 9 survivors (9216K)
 Metaspace       used 155623K, committed 157376K, reserved 524288K
  class space    used 19223K, committed 20096K, reserved 327680K
}
Event: 3818.244 GC heap after
{Heap after GC invocations=52 (full 0):
 garbage-first heap   total 299008K, used 117394K [0x00000000e0000000, 0x0000000100000000)
  region size 1024K, 10 young (10240K), 10 survivors (10240K)
 Metaspace       used 155623K, committed 157376K, reserved 524288K
  class space    used 19223K, committed 20096K, reserved 327680K
}
Event: 3818.941 GC heap before
{Heap before GC invocations=52 (full 0):
 garbage-first heap   total 299008K, used 270994K [0x00000000e0000000, 0x0000000100000000)
  region size 1024K, 161 young (164864K), 10 survivors (10240K)
 Metaspace       used 155641K, committed 157376K, reserved 524288K
  class space    used 19223K, committed 20096K, reserved 327680K
}
Event: 3818.988 GC heap after
{Heap after GC invocations=53 (full 0):
 garbage-first heap   total 299008K, used 120412K [0x00000000e0000000, 0x0000000100000000)
  region size 1024K, 13 young (13312K), 13 survivors (13312K)
 Metaspace       used 155641K, committed 157376K, reserved 524288K
  class space    used 19223K, committed 20096K, reserved 327680K
}
Event: 3820.391 GC heap before
{Heap before GC invocations=54 (full 0):
 garbage-first heap   total 299008K, used 268892K [0x00000000e0000000, 0x0000000100000000)
  region size 1024K, 158 young (161792K), 13 survivors (13312K)
 Metaspace       used 155644K, committed 157376K, reserved 524288K
  class space    used 19223K, committed 20096K, reserved 327680K
}
Event: 3820.406 GC heap after
{Heap after GC invocations=55 (full 0):
 garbage-first heap   total 299008K, used 121950K [0x00000000e0000000, 0x0000000100000000)
  region size 1024K, 12 young (12288K), 12 survivors (12288K)
 Metaspace       used 155644K, committed 157376K, reserved 524288K
  class space    used 19223K, committed 20096K, reserved 327680K
}
Event: 3820.980 GC heap before
{Heap before GC invocations=55 (full 0):
 garbage-first heap   total 299008K, used 268382K [0x00000000e0000000, 0x0000000100000000)
  region size 1024K, 156 young (159744K), 12 survivors (12288K)
 Metaspace       used 155646K, committed 157376K, reserved 524288K
  class space    used 19223K, committed 20096K, reserved 327680K
}
Event: 3821.002 GC heap after
{Heap after GC invocations=56 (full 0):
 garbage-first heap   total 299008K, used 122322K [0x00000000e0000000, 0x0000000100000000)
  region size 1024K, 12 young (12288K), 12 survivors (12288K)
 Metaspace       used 155646K, committed 157376K, reserved 524288K
  class space    used 19223K, committed 20096K, reserved 327680K
}
Event: 3821.567 GC heap before
{Heap before GC invocations=56 (full 0):
 garbage-first heap   total 299008K, used 268754K [0x00000000e0000000, 0x0000000100000000)
  region size 1024K, 156 young (159744K), 12 survivors (12288K)
 Metaspace       used 155646K, committed 157376K, reserved 524288K
  class space    used 19223K, committed 20096K, reserved 327680K
}
Event: 3821.590 GC heap after
{Heap after GC invocations=57 (full 0):
 garbage-first heap   total 299008K, used 124817K [0x00000000e0000000, 0x0000000100000000)
  region size 1024K, 13 young (13312K), 13 survivors (13312K)
 Metaspace       used 155646K, committed 157376K, reserved 524288K
  class space    used 19223K, committed 20096K, reserved 327680K
}
Event: 3823.370 GC heap before
{Heap before GC invocations=58 (full 0):
 garbage-first heap   total 299008K, used 268177K [0x00000000e0000000, 0x0000000100000000)
  region size 1024K, 153 young (156672K), 13 survivors (13312K)
 Metaspace       used 155649K, committed 157376K, reserved 524288K
  class space    used 19224K, committed 20096K, reserved 327680K
}
Event: 3823.404 GC heap after
{Heap after GC invocations=59 (full 0):
 garbage-first heap   total 299008K, used 128512K [0x00000000e0000000, 0x0000000100000000)
  region size 1024K, 12 young (12288K), 12 survivors (12288K)
 Metaspace       used 155649K, committed 157376K, reserved 524288K
  class space    used 19224K, committed 20096K, reserved 327680K
}
Event: 3824.209 GC heap before
{Heap before GC invocations=59 (full 0):
 garbage-first heap   total 299008K, used 268800K [0x00000000e0000000, 0x0000000100000000)
  region size 1024K, 150 young (153600K), 12 survivors (12288K)
 Metaspace       used 155654K, committed 157376K, reserved 524288K
  class space    used 19225K, committed 20096K, reserved 327680K
}
Event: 3824.238 GC heap after
{Heap after GC invocations=60 (full 0):
 garbage-first heap   total 299008K, used 129812K [0x00000000e0000000, 0x0000000100000000)
  region size 1024K, 12 young (12288K), 12 survivors (12288K)
 Metaspace       used 155654K, committed 157376K, reserved 524288K
  class space    used 19225K, committed 20096K, reserved 327680K
}

